{"/var/www/html/react/Spe-React-E16-oRecipes-LaurentArcos/src/data.js": {"path":"/var/www/html/react/Spe-React-E16-oRecipes-LaurentArcos/src/data.js","statementMap":{},"fnMap":{},"branchMap":{},"s":{},"f":{},"b":{},"_coverageSchema":"1a1c01bbd47fc00a2c39e90264f33305004495a9","hash":"f167f13ca7e5a4a09d8b9954bb6b463f13f04a72"}
,"/var/www/html/react/Spe-React-E16-oRecipes-LaurentArcos/src/actions/recipes.js": {"path":"/var/www/html/react/Spe-React-E16-oRecipes-LaurentArcos/src/actions/recipes.js","statementMap":{},"fnMap":{},"branchMap":{},"s":{},"f":{},"b":{},"_coverageSchema":"1a1c01bbd47fc00a2c39e90264f33305004495a9","hash":"b3f62ee0da48cdeebe39086ec3af6cb1c80236c1"}
,"/var/www/html/react/Spe-React-E16-oRecipes-LaurentArcos/src/components/Card/index.js": {"path":"/var/www/html/react/Spe-React-E16-oRecipes-LaurentArcos/src/components/Card/index.js","statementMap":{"0":{"start":{"line":15,"column":2},"end":{"line":24,"column":4}},"1":{"start":{"line":27,"column":0},"end":{"line":32,"column":2}}},"fnMap":{"0":{"name":"Card","decl":{"start":{"line":9,"column":9},"end":{"line":9,"column":13}},"loc":{"start":{"line":14,"column":3},"end":{"line":25,"column":1}},"line":14}},"branchMap":{},"s":{"0":0,"1":1},"f":{"0":0},"b":{},"_coverageSchema":"1a1c01bbd47fc00a2c39e90264f33305004495a9","hash":"8d866683d03fe95e0ee11290a72b97910b3a3189"}
,"/var/www/html/react/Spe-React-E16-oRecipes-LaurentArcos/src/components/Content/index.js": {"path":"/var/www/html/react/Spe-React-E16-oRecipes-LaurentArcos/src/components/Content/index.js","statementMap":{"0":{"start":{"line":10,"column":16},"end":{"line":22,"column":1}},"1":{"start":{"line":11,"column":2},"end":{"line":21,"column":12}},"2":{"start":{"line":17,"column":10},"end":{"line":17,"column":46}},"3":{"start":{"line":24,"column":0},"end":{"line":32,"column":2}},"4":{"start":{"line":34,"column":0},"end":{"line":36,"column":2}}},"fnMap":{"0":{"name":"(anonymous_0)","decl":{"start":{"line":10,"column":16},"end":{"line":10,"column":17}},"loc":{"start":{"line":11,"column":2},"end":{"line":21,"column":12}},"line":11},"1":{"name":"(anonymous_1)","decl":{"start":{"line":16,"column":33},"end":{"line":16,"column":34}},"loc":{"start":{"line":17,"column":10},"end":{"line":17,"column":46}},"line":17}},"branchMap":{"0":{"loc":{"start":{"line":14,"column":5},"end":{"line":20,"column":5}},"type":"binary-expr","locations":[{"start":{"line":14,"column":5},"end":{"line":14,"column":12}},{"start":{"line":15,"column":6},"end":{"line":19,"column":12}}],"line":14}},"s":{"0":1,"1":1,"2":2,"3":1,"4":1},"f":{"0":1,"1":2},"b":{"0":[1,1]},"_coverageSchema":"1a1c01bbd47fc00a2c39e90264f33305004495a9","hash":"b6d0a253dc3471ba6526dca27699b6cebf16ca1d"}
,"/var/www/html/react/Spe-React-E16-oRecipes-LaurentArcos/src/reducers/recipes.js": {"path":"/var/www/html/react/Spe-React-E16-oRecipes-LaurentArcos/src/reducers/recipes.js","statementMap":{"0":{"start":{"line":3,"column":28},"end":{"line":6,"column":1}},"1":{"start":{"line":8,"column":16},"end":{"line":20,"column":1}},"2":{"start":{"line":9,"column":2},"end":{"line":19,"column":3}},"3":{"start":{"line":11,"column":6},"end":{"line":15,"column":8}},"4":{"start":{"line":18,"column":6},"end":{"line":18,"column":19}}},"fnMap":{"0":{"name":"(anonymous_0)","decl":{"start":{"line":8,"column":16},"end":{"line":8,"column":17}},"loc":{"start":{"line":8,"column":55},"end":{"line":20,"column":1}},"line":8}},"branchMap":{"0":{"loc":{"start":{"line":8,"column":17},"end":{"line":8,"column":37}},"type":"default-arg","locations":[{"start":{"line":8,"column":25},"end":{"line":8,"column":37}}],"line":8},"1":{"loc":{"start":{"line":8,"column":39},"end":{"line":8,"column":50}},"type":"default-arg","locations":[{"start":{"line":8,"column":48},"end":{"line":8,"column":50}}],"line":8},"2":{"loc":{"start":{"line":9,"column":2},"end":{"line":19,"column":3}},"type":"switch","locations":[{"start":{"line":10,"column":4},"end":{"line":15,"column":8}},{"start":{"line":17,"column":4},"end":{"line":18,"column":19}}],"line":9}},"s":{"0":1,"1":1,"2":1,"3":1,"4":0},"f":{"0":1},"b":{"0":[1],"1":[1],"2":[1,0]},"_coverageSchema":"1a1c01bbd47fc00a2c39e90264f33305004495a9","hash":"37222edd25513a809a75ba32cd563cd2a2e00b21"}
,"/var/www/html/react/Spe-React-E16-oRecipes-LaurentArcos/src/selectors/recipes.js": {"path":"/var/www/html/react/Spe-React-E16-oRecipes-LaurentArcos/src/selectors/recipes.js","statementMap":{"0":{"start":{"line":11,"column":17},"end":{"line":13,"column":4}},"1":{"start":{"line":12,"column":4},"end":{"line":12,"column":46}},"2":{"start":{"line":14,"column":2},"end":{"line":14,"column":16}},"3":{"start":{"line":18,"column":2},"end":{"line":20,"column":3}},"4":{"start":{"line":19,"column":4},"end":{"line":19,"column":38}},"5":{"start":{"line":22,"column":2},"end":{"line":24,"column":3}},"6":{"start":{"line":23,"column":4},"end":{"line":23,"column":55}},"7":{"start":{"line":26,"column":2},"end":{"line":26,"column":49}}},"fnMap":{"0":{"name":"findRecipe","decl":{"start":{"line":10,"column":17},"end":{"line":10,"column":27}},"loc":{"start":{"line":10,"column":51},"end":{"line":15,"column":1}},"line":10},"1":{"name":"(anonymous_1)","decl":{"start":{"line":11,"column":30},"end":{"line":11,"column":31}},"loc":{"start":{"line":11,"column":48},"end":{"line":13,"column":3}},"line":11},"2":{"name":"recipesTitle","decl":{"start":{"line":17,"column":16},"end":{"line":17,"column":28}},"loc":{"start":{"line":17,"column":43},"end":{"line":27,"column":1}},"line":17}},"branchMap":{"0":{"loc":{"start":{"line":17,"column":29},"end":{"line":17,"column":41}},"type":"default-arg","locations":[{"start":{"line":17,"column":39},"end":{"line":17,"column":41}}],"line":17},"1":{"loc":{"start":{"line":18,"column":2},"end":{"line":20,"column":3}},"type":"if","locations":[{"start":{"line":18,"column":2},"end":{"line":20,"column":3}},{"start":{},"end":{}}],"line":18},"2":{"loc":{"start":{"line":22,"column":2},"end":{"line":24,"column":3}},"type":"if","locations":[{"start":{"line":22,"column":2},"end":{"line":24,"column":3}},{"start":{},"end":{}}],"line":22}},"s":{"0":5,"1":7,"2":5,"3":4,"4":1,"5":3,"6":1,"7":2},"f":{"0":5,"1":7,"2":4},"b":{"0":[2],"1":[1,3],"2":[1,2]},"_coverageSchema":"1a1c01bbd47fc00a2c39e90264f33305004495a9","hash":"4746e210eb5642d28e7c9327d234a42a5644b846"}
}
