TN:
SF:src/data.js
FNF:0
FNH:0
LF:0
LH:0
BRF:0
BRH:0
end_of_record
TN:
SF:src/actions/recipes.js
FNF:0
FNH:0
LF:0
LH:0
BRF:0
BRH:0
end_of_record
TN:
SF:src/components/Card/index.js
FN:9,Card
FNF:1
FNH:0
FNDA:0,Card
DA:15,0
DA:27,1
LF:2
LH:1
BRF:0
BRH:0
end_of_record
TN:
SF:src/components/Content/index.js
FN:10,(anonymous_0)
FN:16,(anonymous_1)
FNF:2
FNH:2
FNDA:1,(anonymous_0)
FNDA:2,(anonymous_1)
DA:10,1
DA:11,1
DA:17,2
DA:24,1
DA:34,1
LF:5
LH:5
BRDA:14,0,0,1
BRDA:14,0,1,1
BRF:2
BRH:2
end_of_record
TN:
SF:src/reducers/recipes.js
FN:8,(anonymous_0)
FNF:1
FNH:1
FNDA:1,(anonymous_0)
DA:3,1
DA:8,1
DA:9,1
DA:11,1
DA:18,0
LF:5
LH:4
BRDA:8,0,0,1
BRDA:8,1,0,1
BRDA:9,2,0,1
BRDA:9,2,1,0
BRF:4
BRH:3
end_of_record
TN:
SF:src/selectors/recipes.js
FN:10,findRecipe
FN:11,(anonymous_1)
FN:17,recipesTitle
FNF:3
FNH:3
FNDA:5,findRecipe
FNDA:7,(anonymous_1)
FNDA:4,recipesTitle
DA:11,5
DA:12,7
DA:14,5
DA:18,4
DA:19,1
DA:22,3
DA:23,1
DA:26,2
LF:8
LH:8
BRDA:17,0,0,2
BRDA:18,1,0,1
BRDA:18,1,1,3
BRDA:22,2,0,1
BRDA:22,2,1,2
BRF:5
BRH:5
end_of_record
